<?xml version="1.0" encoding="UTF-8"?>
<!-- Generated by org.testng.reporters.JUnitReportReporter -->
<testsuite hostname="MBP-V2RHYWXVY7" failures="0" tests="2" name="Test.MyFirstTestngTest" time="31.926" errors="0" timestamp="2023-02-08T11:11:47 IST" skipped="0">
  <testcase classname="Test.MyFirstTestngTest" name="VerifyPasswordError" time="14.495"/>
  <system-out/>
  <testcase classname="Test.MyFirstTestngTest" name="VerifyWebpageTile" time="17.431"/>
  <system-out/>
</testsuite> <!-- Test.MyFirstTestngTest -->
